<?xml version="1.0" encoding="UTF-8"?>
<testsuite xmlns:xsi="http://www.w3.org/2001/XMLSchema-instance" xsi:noNamespaceSchemaLocation="https://maven.apache.org/surefire/maven-surefire-plugin/xsd/surefire-test-report.xsd" name="za.ac.cput.AppTest" time="0.088" tests="1" errors="0" skipped="0" failures="0">
  <properties>
    <property name="sun.desktop" value="windows"/>
    <property name="awt.toolkit" value="sun.awt.windows.WToolkit"/>
    <property name="file.encoding.pkg" value="sun.io"/>
    <property name="java.specification.version" value="1.8"/>
    <property name="sun.cpu.isalist" value="amd64"/>
    <property name="sun.jnu.encoding" value="Cp1252"/>
    <property name="java.class.path" value="C:\Users\3GA Mzwakali\Documents\chptr3\addModule\target\test-classes;C:\Users\3GA Mzwakali\Documents\chptr3\addModule\target\classes;C:\Users\3GA Mzwakali\.m2\repository\junit\junit\4.11\junit-4.11.jar;C:\Users\3GA Mzwakali\.m2\repository\org\hamcrest\hamcrest-core\1.3\hamcrest-core-1.3.jar;C:\Users\3GA Mzwakali\.m2\repository\org\springframework\spring-context\4.1.4.RELEASE\spring-context-4.1.4.RELEASE.jar;C:\Users\3GA Mzwakali\.m2\repository\org\springframework\spring-aop\4.1.4.RELEASE\spring-aop-4.1.4.RELEASE.jar;C:\Users\3GA Mzwakali\.m2\repository\aopalliance\aopalliance\1.0\aopalliance-1.0.jar;C:\Users\3GA Mzwakali\.m2\repository\org\springframework\spring-beans\4.1.4.RELEASE\spring-beans-4.1.4.RELEASE.jar;C:\Users\3GA Mzwakali\.m2\repository\org\springframework\spring-core\4.1.4.RELEASE\spring-core-4.1.4.RELEASE.jar;C:\Users\3GA Mzwakali\.m2\repository\commons-logging\commons-logging\1.2\commons-logging-1.2.jar;C:\Users\3GA Mzwakali\.m2\repository\org\springframework\spring-expression\4.1.4.RELEASE\spring-expression-4.1.4.RELEASE.jar;"/>
    <property name="java.vm.vendor" value="Oracle Corporation"/>
    <property name="sun.arch.data.model" value="64"/>
    <property name="user.variant" value=""/>
    <property name="java.vendor.url" value="http://java.oracle.com/"/>
    <property name="user.timezone" value="Africa/Harare"/>
    <property name="java.vm.specification.version" value="1.8"/>
    <property name="os.name" value="Windows 10"/>
    <property name="user.country" value="US"/>
    <property name="sun.java.launcher" value="SUN_STANDARD"/>
    <property name="sun.boot.library.path" value="C:\Program Files\Java\jdk1.8.0_171\jre\bin"/>
    <property name="sun.java.command" value="C:\Users\3GAMZW~1\AppData\Local\Temp\surefire7260849675133294658\surefirebooter8012536648685207387.jar C:\Users\3GA Mzwakali\AppData\Local\Temp\surefire7260849675133294658 2019-03-08T21-12-46_524-jvmRun1 surefire4386585069940145826tmp surefire_01879629571164040624tmp"/>
    <property name="surefire.test.class.path" value="C:\Users\3GA Mzwakali\Documents\chptr3\addModule\target\test-classes;C:\Users\3GA Mzwakali\Documents\chptr3\addModule\target\classes;C:\Users\3GA Mzwakali\.m2\repository\junit\junit\4.11\junit-4.11.jar;C:\Users\3GA Mzwakali\.m2\repository\org\hamcrest\hamcrest-core\1.3\hamcrest-core-1.3.jar;C:\Users\3GA Mzwakali\.m2\repository\org\springframework\spring-context\4.1.4.RELEASE\spring-context-4.1.4.RELEASE.jar;C:\Users\3GA Mzwakali\.m2\repository\org\springframework\spring-aop\4.1.4.RELEASE\spring-aop-4.1.4.RELEASE.jar;C:\Users\3GA Mzwakali\.m2\repository\aopalliance\aopalliance\1.0\aopalliance-1.0.jar;C:\Users\3GA Mzwakali\.m2\repository\org\springframework\spring-beans\4.1.4.RELEASE\spring-beans-4.1.4.RELEASE.jar;C:\Users\3GA Mzwakali\.m2\repository\org\springframework\spring-core\4.1.4.RELEASE\spring-core-4.1.4.RELEASE.jar;C:\Users\3GA Mzwakali\.m2\repository\commons-logging\commons-logging\1.2\commons-logging-1.2.jar;C:\Users\3GA Mzwakali\.m2\repository\org\springframework\spring-expression\4.1.4.RELEASE\spring-expression-4.1.4.RELEASE.jar;"/>
    <property name="sun.cpu.endian" value="little"/>
    <property name="user.home" value="C:\Users\3GA Mzwakali"/>
    <property name="user.language" value="en"/>
    <property name="java.specification.vendor" value="Oracle Corporation"/>
    <property name="java.home" value="C:\Program Files\Java\jdk1.8.0_171\jre"/>
    <property name="basedir" value="C:\Users\3GA Mzwakali\Documents\chptr3\addModule"/>
    <property name="file.separator" value="\"/>
    <property name="line.separator" value="&#10;"/>
    <property name="java.vm.specification.vendor" value="Oracle Corporation"/>
    <property name="java.specification.name" value="Java Platform API Specification"/>
    <property name="java.awt.graphicsenv" value="sun.awt.Win32GraphicsEnvironment"/>
    <property name="surefire.real.class.path" value="C:\Users\3GAMZW~1\AppData\Local\Temp\surefire7260849675133294658\surefirebooter8012536648685207387.jar"/>
    <property name="sun.boot.class.path" value="C:\Program Files\Java\jdk1.8.0_171\jre\lib\resources.jar;C:\Program Files\Java\jdk1.8.0_171\jre\lib\rt.jar;C:\Program Files\Java\jdk1.8.0_171\jre\lib\sunrsasign.jar;C:\Program Files\Java\jdk1.8.0_171\jre\lib\jsse.jar;C:\Program Files\Java\jdk1.8.0_171\jre\lib\jce.jar;C:\Program Files\Java\jdk1.8.0_171\jre\lib\charsets.jar;C:\Program Files\Java\jdk1.8.0_171\jre\lib\jfr.jar;C:\Program Files\Java\jdk1.8.0_171\jre\classes"/>
    <property name="user.script" value=""/>
    <property name="sun.management.compiler" value="HotSpot 64-Bit Tiered Compilers"/>
    <property name="java.runtime.version" value="1.8.0_171-b11"/>
    <property name="user.name" value="3GA Mzwakali"/>
    <property name="path.separator" value=";"/>
    <property name="os.version" value="10.0"/>
    <property name="java.endorsed.dirs" value="C:\Program Files\Java\jdk1.8.0_171\jre\lib\endorsed"/>
    <property name="java.runtime.name" value="Java(TM) SE Runtime Environment"/>
    <property name="file.encoding" value="Cp1252"/>
    <property name="java.vm.name" value="Java HotSpot(TM) 64-Bit Server VM"/>
    <property name="localRepository" value="C:\Users\3GA Mzwakali\.m2\repository"/>
    <property name="java.vendor.url.bug" value="http://bugreport.sun.com/bugreport/"/>
    <property name="java.io.tmpdir" value="C:\Users\3GAMZW~1\AppData\Local\Temp\"/>
    <property name="idea.version" value="2018.3.5"/>
    <property name="java.version" value="1.8.0_171"/>
    <property name="user.dir" value="C:\Users\3GA Mzwakali\Documents\chptr3\addModule"/>
    <property name="os.arch" value="amd64"/>
    <property name="java.vm.specification.name" value="Java Virtual Machine Specification"/>
    <property name="java.awt.printerjob" value="sun.awt.windows.WPrinterJob"/>
    <property name="sun.os.patch.level" value=""/>
    <property name="java.library.path" value="C:\Program Files\Java\jdk1.8.0_171\jre\bin;C:\WINDOWS\Sun\Java\bin;C:\WINDOWS\system32;C:\WINDOWS;C:\Program Files (x86)\Common Files\Intel\Shared Libraries\redist\ia32\compiler;C:\Program Files (x86)\Common Files\Intel\Shared Libraries\redist\intel64\compiler;C:\Program Files (x86)\Common Files\Oracle\Java\javapath;C:\WINDOWS\system32;C:\WINDOWS;C:\WINDOWS\System32\Wbem;C:\WINDOWS\System32\WindowsPowerShell\v1.0\;C:\WINDOWS\System32\OpenSSH\;C:\Program Files\Microsoft SQL Server\120\Tools\Binn\;C:\Program Files\Microsoft SQL Server\Client SDK\ODBC\110\Tools\Binn\;C:\Program Files (x86)\Microsoft SQL Server\120\Tools\Binn\;C:\Program Files\Microsoft SQL Server\120\DTS\Binn\;C:\Program Files (x86)\Microsoft SQL Server\120\Tools\Binn\ManagementStudio\;C:\Program Files (x86)\Microsoft SQL Server\120\DTS\Binn\;C:\Users\3GA Mzwakali\AppData\Local\Microsoft\WindowsApps;;."/>
    <property name="java.vm.info" value="mixed mode"/>
    <property name="java.vendor" value="Oracle Corporation"/>
    <property name="java.vm.version" value="25.171-b11"/>
    <property name="java.ext.dirs" value="C:\Program Files\Java\jdk1.8.0_171\jre\lib\ext;C:\WINDOWS\Sun\Java\lib\ext"/>
    <property name="sun.io.unicode.encoding" value="UnicodeLittle"/>
    <property name="java.class.version" value="52.0"/>
  </properties>
  <testcase name="shouldAnswerWithTrue" classname="za.ac.cput.AppTest" time="0.01"/>
</testsuite>